added manifest
adding: game-jar.err(in = 0) (out= 0)(stored 0%)
adding: game-jar.out(in = 66) (out= 64)(deflated 3%)
adding: image/(in = 0) (out= 0)(stored 0%)
adding: image/common.png(in = 218273) (out= 210863)(deflated 3%)
adding: image/logo.png(in = 4304) (out= 4309)(deflated 0%)
adding: image/perfect.png(in = 246980) (out= 239746)(deflated 2%)
adding: image/starting.png(in = 149623) (out= 142296)(deflated 4%)
adding: MessageBundle_en_US.properties(in = 32) (out= 34)(deflated -6%)
adding: MessageBundle_in_ID.properties(in = 31) (out= 33)(deflated -6%)
adding: Picross/(in = 0) (out= 0)(stored 0%)
adding: Picross/Game.class(in = 398) (out= 277)(deflated 30%)
adding: Picross/GameController.class(in = 567) (out= 341)(deflated 39%)
adding: Picross/GameModel.class(in = 2311) (out= 1121)(deflated 51%)
adding: Picross/GameView.class(in = 21729) (out= 11384)(deflated 47%)
adding: resources/(in = 0) (out= 0)(stored 0%)
adding: resources/MessageBundle_en_US.properties(in = 32) (out= 34)(deflated -6%)
adding: resources/MessageBundle_in_ID.properties(in = 31) (out= 33)(deflated -6%)
adding: resources/texts.properties(in = 161) (out= 139)(deflated 13%)
adding: resources/texts_en_CA.properties(in = 161) (out= 139)(deflated 13%)
adding: resources/texts_en_US.properties(in = 239) (out= 190)(deflated 20%)
adding: resources/texts_fr_FR.properties(in = 250) (out= 204)(deflated 18%)
adding: resources/texts_pt_PT.properties(in = 168) (out= 146)(deflated 13%)
