added manifest
adding: game-jar.err(in = 0) (out= 0)(stored 0%)
adding: game-jar.out(in = 66) (out= 64)(deflated 3%)
adding: image/(in = 0) (out= 0)(stored 0%)
adding: image/common.png(in = 218273) (out= 210863)(deflated 3%)
adding: image/gameclient.png(in = 89408) (out= 89438)(deflated 0%)
adding: image/gameserver.png(in = 89609) (out= 89639)(deflated 0%)
adding: image/logo.png(in = 4304) (out= 4309)(deflated 0%)
adding: image/perfect.png(in = 246980) (out= 239746)(deflated 2%)
adding: image/starting.png(in = 149623) (out= 142296)(deflated 4%)
adding: MessageBundle_en_US.properties(in = 32) (out= 34)(deflated -6%)
adding: MessageBundle_in_ID.properties(in = 31) (out= 33)(deflated -6%)
adding: Picross/(in = 0) (out= 0)(stored 0%)
adding: Picross/Game$GameLauncher.class(in = 1112) (out= 703)(deflated 36%)
adding: Picross/Game.class(in = 406) (out= 292)(deflated 28%)
adding: Picross/GameClient$Client$PopUpDialog.class(in = 3770) (out= 2093)(deflated 44%)
adding: Picross/GameClient$Client.class(in = 5470) (out= 2764)(deflated 49%)
adding: Picross/GameClient$ClientController.class(in = 1872) (out= 983)(deflated 47%)
adding: Picross/GameClient.class(in = 4177) (out= 2195)(deflated 47%)
adding: Picross/GameConfig.class(in = 967) (out= 572)(deflated 40%)
adding: Picross/GameController.class(in = 567) (out= 341)(deflated 39%)
adding: Picross/GameModel.class(in = 3899) (out= 1963)(deflated 49%)
adding: Picross/GameServer$Server$ClientHandler.class(in = 4014) (out= 2088)(deflated 47%)
adding: Picross/GameServer$Server.class(in = 3958) (out= 2057)(deflated 48%)
adding: Picross/GameServer$ServerController.class(in = 1567) (out= 873)(deflated 44%)
adding: Picross/GameServer.class(in = 3403) (out= 1836)(deflated 46%)
adding: Picross/GameView.class(in = 21464) (out= 11255)(deflated 47%)
adding: resources/(in = 0) (out= 0)(stored 0%)
adding: resources/MessageBundle_en_US.properties(in = 32) (out= 34)(deflated -6%)
adding: resources/MessageBundle_in_ID.properties(in = 31) (out= 33)(deflated -6%)
adding: resources/texts.properties(in = 161) (out= 139)(deflated 13%)
adding: resources/texts_en_CA.properties(in = 161) (out= 139)(deflated 13%)
adding: resources/texts_en_US.properties(in = 239) (out= 190)(deflated 20%)
adding: resources/texts_fr_FR.properties(in = 250) (out= 204)(deflated 18%)
adding: resources/texts_pt_PT.properties(in = 168) (out= 146)(deflated 13%)
