Loading source files for package Picross...
Constructing Javadoc information...
Standard Doclet version 11.0.12
Building tree for all the packages and classes...
Generating doc\Picross\Game.html...
Generating doc\Picross\GameClient.html...
Generating doc\Picross\GameConfig.html...
Generating doc\Picross\GameController.html...
Generating doc\Picross\GameModel.html...
Generating doc\Picross\GameServer.html...
Generating doc\Picross\GameView.html...
Generating doc\Picross\package-summary.html...
Generating doc\Picross\package-tree.html...
Generating doc\constant-values.html...
Generating doc\serialized-form.html...
Building index for all the packages and classes...
Generating doc\overview-tree.html...
Generating doc\index-all.html...
Building index for all classes...
Generating doc\allclasses-index.html...
Generating doc\allpackages-index.html...
Generating doc\deprecated-list.html...
Building index for all classes...
Generating doc\allclasses.html...
Generating doc\allclasses.html...
Generating doc\index.html...
Generating doc\help-doc.html...
